TN:
SF:src\components\games\ConceptComprehensionGame.jsx
FN:16,(anonymous_0)
FN:20,(anonymous_1)
FN:26,(anonymous_2)
FN:42,(anonymous_3)
FN:48,(anonymous_4)
FNF:5
FNH:5
FNDA:6,(anonymous_0)
FNDA:5,(anonymous_1)
FNDA:4,(anonymous_2)
FNDA:3,(anonymous_3)
FNDA:2,(anonymous_4)
DA:8,1
DA:16,1
DA:17,6
DA:18,6
DA:20,6
DA:21,5
DA:22,5
DA:23,5
DA:25,5
DA:26,4
DA:29,1
DA:33,6
DA:35,6
DA:42,3
DA:48,2
LF:15
LH:15
BRDA:22,0,0,5
BRDA:22,0,1,0
BRDA:25,1,0,4
BRDA:25,1,1,1
BRF:4
BRH:3
end_of_record
TN:
SF:src\components\games\MetacognitiveAwarenessGame.jsx
FN:21,(anonymous_0)
FN:25,(anonymous_1)
FN:31,(anonymous_2)
FN:46,(anonymous_3)
FN:52,(anonymous_4)
FNF:5
FNH:5
FNDA:11,(anonymous_0)
FNDA:10,(anonymous_1)
FNDA:9,(anonymous_2)
FNDA:5,(anonymous_3)
FNDA:5,(anonymous_4)
DA:8,1
DA:21,1
DA:22,11
DA:23,11
DA:25,11
DA:26,10
DA:27,10
DA:28,10
DA:30,10
DA:31,9
DA:33,1
DA:37,11
DA:39,11
DA:46,5
DA:52,5
LF:15
LH:15
BRDA:27,0,0,10
BRDA:27,0,1,0
BRDA:30,1,0,9
BRDA:30,1,1,1
BRF:4
BRH:3
end_of_record
TN:
SF:src\components\games\VarkGame.jsx
FN:26,(anonymous_0)
FN:30,(anonymous_1)
FN:31,(anonymous_2)
FN:32,(anonymous_3)
FN:36,(anonymous_4)
FN:38,(anonymous_5)
FN:41,(anonymous_6)
FN:42,(anonymous_7)
FN:54,(anonymous_8)
FN:57,(anonymous_9)
FNF:10
FNH:10
FNDA:9,(anonymous_0)
FNDA:8,(anonymous_1)
FNDA:8,(anonymous_2)
FNDA:7,(anonymous_3)
FNDA:1,(anonymous_4)
FNDA:8,(anonymous_5)
FNDA:4,(anonymous_6)
FNDA:1,(anonymous_7)
FNDA:36,(anonymous_8)
FNDA:8,(anonymous_9)
DA:8,1
DA:19,1
DA:26,1
DA:27,9
DA:28,9
DA:30,9
DA:31,8
DA:32,8
DA:33,1
DA:36,9
DA:37,1
DA:38,8
DA:39,1
DA:40,1
DA:41,4
DA:42,1
DA:43,1
DA:46,9
DA:48,9
DA:55,36
DA:57,8
LF:21
LH:21
BRDA:32,0,0,7
BRDA:32,0,1,1
BRF:2
BRH:2
end_of_record
TN:
SF:src\services\riskCalculator.js
FN:6,(anonymous_0)
FN:17,(anonymous_1)
FNF:2
FNH:2
FNDA:25,(anonymous_0)
FNDA:6,(anonymous_1)
DA:6,1
DA:8,25
DA:9,3
DA:12,22
DA:13,3
DA:16,19
DA:17,6
DA:18,2
DA:21,17
DA:22,3
DA:23,3
DA:26,14
DA:27,3
DA:28,3
DA:31,11
DA:32,3
DA:33,3
DA:36,8
DA:37,3
DA:38,3
DA:41,5
DA:42,3
DA:43,3
DA:46,2
DA:47,2
DA:49,0
LF:26
LH:25
BRDA:8,0,0,3
BRDA:8,0,1,22
BRDA:9,1,0,1
BRDA:9,1,1,2
BRDA:9,2,0,1
BRDA:9,2,1,1
BRDA:12,3,0,3
BRDA:12,3,1,19
BRDA:13,4,0,1
BRDA:13,4,1,2
BRDA:13,5,0,3
BRDA:13,5,1,2
BRDA:13,6,0,1
BRDA:13,6,1,1
BRDA:16,7,0,2
BRDA:16,7,1,17
BRDA:18,8,0,1
BRDA:18,8,1,1
BRDA:21,9,0,3
BRDA:21,9,1,14
BRDA:23,10,0,1
BRDA:23,10,1,2
BRDA:23,11,0,1
BRDA:23,11,1,1
BRDA:26,12,0,3
BRDA:26,12,1,11
BRDA:28,13,0,1
BRDA:28,13,1,2
BRDA:28,14,0,1
BRDA:28,14,1,1
BRDA:31,15,0,3
BRDA:31,15,1,8
BRDA:33,16,0,1
BRDA:33,16,1,2
BRDA:33,17,0,1
BRDA:33,17,1,1
BRDA:36,18,0,3
BRDA:36,18,1,5
BRDA:38,19,0,1
BRDA:38,19,1,2
BRDA:38,20,0,1
BRDA:38,20,1,1
BRDA:41,21,0,3
BRDA:41,21,1,2
BRDA:43,22,0,1
BRDA:43,22,1,2
BRDA:43,23,0,1
BRDA:43,23,1,1
BRDA:46,24,0,2
BRDA:46,24,1,0
BRDA:47,25,0,1
BRDA:47,25,1,1
BRF:52
BRH:51
end_of_record
